
ASEM-51 V1.3                                         Copyright (c) 2002 by W.W. Heinz                                         PAGE 1





       MCS-51 Family Macro Assembler   A S E M - 5 1   V 1.3
       =====================================================



	Source File:	KlawiaturaMatrycowa.asm
	Object File:	KlawiaturaMatrycowa.hex
	List File:	KlawiaturaMatrycowa.lst



 Line  I  Addr  Code            Source

    1:		N      0021	CSKB0 EQU 21H ; klawiatura matrycowa: klawisze 0Ö7
    2:		N      0022	CSKB1 EQU 22H ; klawiatura matrycowa: klawisze 8Ö
    3:		N      0030	CSDS EQU 30H ; bufor wyboru wskaünika 7-segmentowego
    4:		N      0038	CSDB EQU 38H ; CSDB bufor danych wskaünika 7-segmentowego
    5:
    6:		N      0000	ORG 0
    7:	  0000	01 40			AJMP START
    8:
    9:		N      0040	ORG 40H
   10:	  0040			START:
   11:	  0040	C2 96			CLR P1.6
   12:
   13:	  0042	78 30			MOV R0, #CSDS
   14:	  0044	74 FF			MOV A, #255
   15:	  0046	F2			MOVX @R0, A
   16:
   17:	  0047	78 38			MOV R0, #CSDB
   18:	  0049	74 FF			MOV A, #255
   19:	  004B	F2			MOVX @R0, A
   20:
   21:	  004C	79 22			MOV R1, #CSKB1
   22:
   23:
   24:	  004E			PETLA:
   25:	  004E	E3			MOVX A, @R1
   26:	  004F	F2			MOVX @R0, A
   27:
   28:	  0050	80 FC			SJMP PETLA
   29:				END





                     register banks used:  ---

                     no errors




ASEM-51 V1.3                                         Copyright (c) 2002 by W.W. Heinz                                         PAGE 2





	       L I S T   O F   S Y M B O L S
	       =============================


SYMBOL				  TYPE     VALUE	LINE
------------------------------------------------------------
??ASEM_51			  NUMBER    8051
??VERSION			  NUMBER    0130
AC				  BIT	      D6
ACC				  DATA	      E0
B				  DATA	      F0
CSDB				  NUMBER    0038	   4
CSDS				  NUMBER    0030	   3
CSKB0				  NUMBER    0021	   1
CSKB1				  NUMBER    0022	   2
CY				  BIT	      D7
DPH				  DATA	      83
DPL				  DATA	      82
EA				  BIT	      AF
ES				  BIT	      AC
ET0				  BIT	      A9
ET1				  BIT	      AB
EX0				  BIT	      A8
EX1				  BIT	      AA
EXTI0				  CODE	    0003
EXTI1				  CODE	    0013
F0				  BIT	      D5
IE				  DATA	      A8
IE0				  BIT	      89
IE1				  BIT	      8B
INT0				  BIT	      B2
INT1				  BIT	      B3
IP				  DATA	      B8
IT0				  BIT	      88
IT1				  BIT	      8A
OV				  BIT	      D2
P				  BIT	      D0
P0				  DATA	      80
P1				  DATA	      90
P2				  DATA	      A0
P3				  DATA	      B0
PCON				  DATA	      87
PETLA				  CODE	    004E	  24
PS				  BIT	      BC
PSW				  DATA	      D0
PT0				  BIT	      B9
PT1				  BIT	      BB
PX0				  BIT	      B8
PX1				  BIT	      BA
RB8				  BIT	      9A
RD				  BIT	      B7
REN				  BIT	      9C
RESET				  CODE	    0000
RI				  BIT	      98
RS0				  BIT	      D3
RS1				  BIT	      D4

ASEM-51 V1.3                                         Copyright (c) 2002 by W.W. Heinz                                         PAGE 3



SYMBOL				  TYPE     VALUE	LINE
------------------------------------------------------------
RXD				  BIT	      B0
SBUF				  DATA	      99
SCON				  DATA	      98
SINT				  CODE	    0023
SM0				  BIT	      9F
SM1				  BIT	      9E
SM2				  BIT	      9D
SP				  DATA	      81
START				  CODE	    0040	  10
T0				  BIT	      B4
T1				  BIT	      B5
TB8				  BIT	      9B
TCON				  DATA	      88
TF0				  BIT	      8D
TF1				  BIT	      8F
TH0				  DATA	      8C
TH1				  DATA	      8D
TI				  BIT	      99
TIMER0				  CODE	    000B
TIMER1				  CODE	    001B
TL0				  DATA	      8A
TL1				  DATA	      8B
TMOD				  DATA	      89
TR0				  BIT	      8C
TR1				  BIT	      8E
TXD				  BIT	      B1
WR				  BIT	      B6
