
ASEM-51 V1.3                                         Copyright (c) 2002 by W.W. Heinz                                         PAGE 1





       MCS-51 Family Macro Assembler   A S E M - 5 1   V 1.3
       =====================================================



	Source File:	7seg.asm
	Object File:	7seg.hex
	List File:	7seg.lst



 Line  I  Addr  Code            Source

    1:		N      0030	CSDS EQU 30H; bufor wyboru wskaŸnika 7-segmentowego
    2:		N      0038	CSDB EQU 38H; bufor danych wskaŸnika 7-segmentowego
    3:
    4:		N      0000	ORG 0
    5:	  0000	02 00 40		LJMP START
    6:
    7:		N      0040	ORG 40H
    8:	  0040			START:
    9:	  0040	7F 01			MOV R7, #00000001B ; Rejestr przechowuj¹cy aktualnie wybrany wyœwietlacz
   10:	  0042	90 00 60		MOV DPTR, #WZORY ; Zapis adresów wzorów do DPTR
   11:	  0045	7C 00			MOV R4, #0 ; Aktualnie wyœwietlany symbol
   12:
   13:	  0047			PETLA:
   14:	  0047	C2 96			CLR P1.6 ; W³¹czenie wyœwitlacza
   15:	  0049	78 38			MOV R0, #CSDB ; Przenieœ do R0 adres CSDB
   16:	  004B	EC			MOV A, R4 ; Przenieœ do akumulatora aktualnie wybrany symbol
   17:	  004C	0C			INC R4
   18:	  004D	93			MOVC A, @A+DPTR ; Pobranie wzoru dla segmentu
   19:	  004E	F2			MOVX @R0, A ; Wysy³amy wzór symbolu do CSDB
   20:
   21:	  004F	78 30			MOV R0, #CSDS ; Przenieœ do R0 adres CSDS
   22:	  0051	EF			MOV A, R7 ; Przenieœ do akumulatora wybrane wyœwietlacze
   23:	  0052	F2			MOVX @R0, A ; Wysy³amy wybór do CSDS
   24:
   25:	  0053	23			RL A ; Przesuniêcie (rotacja) w lewo aktualnego wyœwietlacza
   26:
   27:					; Sprawdzamy siódmy bit w ACC, jeœli nie jest ustawiony to skaczemy do NOACC7
   28:	  0054	30 E7 04		JNB ACC.7, NOACC7
   29:	  0057	7C 00			MOV R4, #0
   30:	  0059	74 01			MOV A, #00000001B
   31:	  005B			NOACC7:
   32:	  005B	FF			MOV R7, A ; Zapis wybranego wyœwietlacza po rotacji
   33:
   34:	  005C			DELAY:
   35:					;DJNZ R6, DELAY
   36:	  005C	DD FE			DJNZ R5, DELAY
   37:
   38:	  005E	80 E7			SJMP PETLA
   39:
   40:	  0060			WZORY:
   41:	  0060	3F 06 5B 4F	DB 00111111B, 00000110B, 01011011B, 01001111B ; od 0 do 3
   42:	  0064	66 6D 7D 07	DB 01100110B, 01101101B, 01111101B, 00000111B ; od 4 do 7
   43:	  0068	7F 6F 77 7C	DB 01111111B, 01101111B, 01110111B, 01111100B ; od 8 do B

ASEM-51 V1.3                                         Copyright (c) 2002 by W.W. Heinz                                         PAGE 2



 Line  I  Addr  Code            Source

   44:	  006C	58 5E 79 71	DB 01011000B, 01011110B, 01111001B, 01110001B ; od C do F
   45:
   46:				END





                     register banks used:  ---

                     no errors




ASEM-51 V1.3                                         Copyright (c) 2002 by W.W. Heinz                                         PAGE 3





	       L I S T   O F   S Y M B O L S
	       =============================


SYMBOL				  TYPE     VALUE	LINE
------------------------------------------------------------
??ASEM_51			  NUMBER    8051
??VERSION			  NUMBER    0130
AC				  BIT	      D6
ACC				  DATA	      E0
B				  DATA	      F0
CSDB				  NUMBER    0038	   2
CSDS				  NUMBER    0030	   1
CY				  BIT	      D7
DELAY				  CODE	    005C	  34
DPH				  DATA	      83
DPL				  DATA	      82
EA				  BIT	      AF
ES				  BIT	      AC
ET0				  BIT	      A9
ET1				  BIT	      AB
EX0				  BIT	      A8
EX1				  BIT	      AA
EXTI0				  CODE	    0003
EXTI1				  CODE	    0013
F0				  BIT	      D5
IE				  DATA	      A8
IE0				  BIT	      89
IE1				  BIT	      8B
INT0				  BIT	      B2
INT1				  BIT	      B3
IP				  DATA	      B8
IT0				  BIT	      88
IT1				  BIT	      8A
NOACC7				  CODE	    005B	  31
OV				  BIT	      D2
P				  BIT	      D0
P0				  DATA	      80
P1				  DATA	      90
P2				  DATA	      A0
P3				  DATA	      B0
PCON				  DATA	      87
PETLA				  CODE	    0047	  13
PS				  BIT	      BC
PSW				  DATA	      D0
PT0				  BIT	      B9
PT1				  BIT	      BB
PX0				  BIT	      B8
PX1				  BIT	      BA
RB8				  BIT	      9A
RD				  BIT	      B7
REN				  BIT	      9C
RESET				  CODE	    0000
RI				  BIT	      98
RS0				  BIT	      D3
RS1				  BIT	      D4

ASEM-51 V1.3                                         Copyright (c) 2002 by W.W. Heinz                                         PAGE 4



SYMBOL				  TYPE     VALUE	LINE
------------------------------------------------------------
RXD				  BIT	      B0
SBUF				  DATA	      99
SCON				  DATA	      98
SINT				  CODE	    0023
SM0				  BIT	      9F
SM1				  BIT	      9E
SM2				  BIT	      9D
SP				  DATA	      81
START				  CODE	    0040	   8
T0				  BIT	      B4
T1				  BIT	      B5
TB8				  BIT	      9B
TCON				  DATA	      88
TF0				  BIT	      8D
TF1				  BIT	      8F
TH0				  DATA	      8C
TH1				  DATA	      8D
TI				  BIT	      99
TIMER0				  CODE	    000B
TIMER1				  CODE	    001B
TL0				  DATA	      8A
TL1				  DATA	      8B
TMOD				  DATA	      89
TR0				  BIT	      8C
TR1				  BIT	      8E
TXD				  BIT	      B1
WR				  BIT	      B6
WZORY				  CODE	    0060	  40
